time="2026-03-29T21:46:51+01:00" level=warning msg="C:\\Users\\enaic\\MERUEM\\docker-compose.yml: the attribute `version` is obsolete, it will be ignored, please remove it to avoid potential confusion"
INFO  [alembic.runtime.migration] Context impl PostgresqlImpl.
INFO  [alembic.runtime.migration] Will assume transactional DDL.
INFO  [alembic.runtime.migration] Running upgrade  -> 0001, Initial schema — all Phase 1 tables + pgvector extension
Traceback (most recent call last):
  File "/usr/local/lib/python3.12/site-packages/sqlalchemy/engine/base.py", line 1967, in _exec_single_context
    self.dialect.do_execute(
  File "/usr/local/lib/python3.12/site-packages/sqlalchemy/engine/default.py", line 952, in do_execute
    cursor.execute(statement, parameters)
  File "/usr/local/lib/python3.12/site-packages/psycopg/cursor.py", line 117, in execute
    raise ex.with_traceback(None)
psycopg.errors.DuplicateObject: type "role_enum" already exists

The above exception was the direct cause of the following exception:

Traceback (most recent call last):
  File "/usr/local/bin/alembic", line 8, in <module>
    sys.exit(main())
             ^^^^^^
  File "/usr/local/lib/python3.12/site-packages/alembic/config.py", line 1047, in main
    CommandLine(prog=prog).main(argv=argv)
  File "/usr/local/lib/python3.12/site-packages/alembic/config.py", line 1037, in main
    self.run_cmd(cfg, options)
  File "/usr/local/lib/python3.12/site-packages/alembic/config.py", line 971, in run_cmd
    fn(
  File "/usr/local/lib/python3.12/site-packages/alembic/command.py", line 483, in upgrade
    script.run_env()
  File "/usr/local/lib/python3.12/site-packages/alembic/script/base.py", line 545, in run_env
    util.load_python_file(self.dir, "env.py")
  File "/usr/local/lib/python3.12/site-packages/alembic/util/pyfiles.py", line 116, in load_python_file
    module = load_module_py(module_id, path)
             ^^^^^^^^^^^^^^^^^^^^^^^^^^^^^^^
  File "/usr/local/lib/python3.12/site-packages/alembic/util/pyfiles.py", line 136, in load_module_py
    spec.loader.exec_module(module)  # type: ignore
    ^^^^^^^^^^^^^^^^^^^^^^^^^^^^^^^
  File "<frozen importlib._bootstrap_external>", line 999, in exec_module
  File "<frozen importlib._bootstrap>", line 488, in _call_with_frames_removed
  File "/app/alembic/env.py", line 54, in <module>
    run_migrations_online()
  File "/app/alembic/env.py", line 48, in run_migrations_online
    context.run_migrations()
  File "<string>", line 8, in run_migrations
  File "/usr/local/lib/python3.12/site-packages/alembic/runtime/environment.py", line 969, in run_migrations
    self.get_context().run_migrations(**kw)
  File "/usr/local/lib/python3.12/site-packages/alembic/runtime/migration.py", line 626, in run_migrations
    step.migration_fn(**kw)
  File "/app/alembic/versions/0001_initial_schema.py", line 39, in upgrade
    op.create_table(
  File "<string>", line 8, in create_table
  File "<string>", line 3, in create_table
  File "/usr/local/lib/python3.12/site-packages/alembic/operations/ops.py", line 1331, in create_table
    return operations.invoke(op)
           ^^^^^^^^^^^^^^^^^^^^^
  File "/usr/local/lib/python3.12/site-packages/alembic/operations/base.py", line 452, in invoke
    return fn(self, operation)
           ^^^^^^^^^^^^^^^^^^^
  File "/usr/local/lib/python3.12/site-packages/alembic/operations/toimpl.py", line 140, in create_table
    operations.impl.create_table(table, **kw)
  File "/usr/local/lib/python3.12/site-packages/alembic/ddl/impl.py", line 439, in create_table
    table.dispatch.before_create(
  File "/usr/local/lib/python3.12/site-packages/sqlalchemy/event/attr.py", line 515, in __call__
    fn(*args, **kw)
  File "/usr/local/lib/python3.12/site-packages/sqlalchemy/util/langhelpers.py", line 834, in __call__
    return getattr(self.target, self.name)(*arg, **kw)
           ^^^^^^^^^^^^^^^^^^^^^^^^^^^^^^^^^^^^^^^^^^^
  File "/usr/local/lib/python3.12/site-packages/sqlalchemy/sql/sqltypes.py", line 1152, in _on_table_create
    t._on_table_create(target, bind, **kw)
  File "/usr/local/lib/python3.12/site-packages/sqlalchemy/dialects/postgresql/named_types.py", line 113, in _on_table_create
    self.create(bind=bind, checkfirst=checkfirst)
  File "/usr/local/lib/python3.12/site-packages/sqlalchemy/dialects/postgresql/named_types.py", line 369, in create
    super().create(bind, checkfirst=checkfirst)
  File "/usr/local/lib/python3.12/site-packages/sqlalchemy/dialects/postgresql/named_types.py", line 56, in create
    bind._run_ddl_visitor(self.DDLGenerator, self, checkfirst=checkfirst)
  File "/usr/local/lib/python3.12/site-packages/sqlalchemy/engine/base.py", line 2467, in _run_ddl_visitor
    ).traverse_single(element)
      ^^^^^^^^^^^^^^^^^^^^^^^^
  File "/usr/local/lib/python3.12/site-packages/sqlalchemy/sql/visitors.py", line 661, in traverse_single
    return meth(obj, **kw)
           ^^^^^^^^^^^^^^^
  File "/usr/local/lib/python3.12/site-packages/sqlalchemy/dialects/postgresql/named_types.py", line 186, in visit_enum
    self.connection.execute(CreateEnumType(enum))
  File "/usr/local/lib/python3.12/site-packages/sqlalchemy/engine/base.py", line 1419, in execute
    return meth(
           ^^^^^
  File "/usr/local/lib/python3.12/site-packages/sqlalchemy/sql/ddl.py", line 187, in _execute_on_connection
    return connection._execute_ddl(
           ^^^^^^^^^^^^^^^^^^^^^^^^
  File "/usr/local/lib/python3.12/site-packages/sqlalchemy/engine/base.py", line 1530, in _execute_ddl
    ret = self._execute_context(
          ^^^^^^^^^^^^^^^^^^^^^^
  File "/usr/local/lib/python3.12/site-packages/sqlalchemy/engine/base.py", line 1846, in _execute_context
    return self._exec_single_context(
           ^^^^^^^^^^^^^^^^^^^^^^^^^^
  File "/usr/local/lib/python3.12/site-packages/sqlalchemy/engine/base.py", line 1986, in _exec_single_context
    self._handle_dbapi_exception(
  File "/usr/local/lib/python3.12/site-packages/sqlalchemy/engine/base.py", line 2363, in _handle_dbapi_exception
    raise sqlalchemy_exception.with_traceback(exc_info[2]) from e
  File "/usr/local/lib/python3.12/site-packages/sqlalchemy/engine/base.py", line 1967, in _exec_single_context
    self.dialect.do_execute(
  File "/usr/local/lib/python3.12/site-packages/sqlalchemy/engine/default.py", line 952, in do_execute
    cursor.execute(statement, parameters)
  File "/usr/local/lib/python3.12/site-packages/psycopg/cursor.py", line 117, in execute
    raise ex.with_traceback(None)
sqlalchemy.exc.ProgrammingError: (psycopg.errors.DuplicateObject) type "role_enum" already exists
[SQL: CREATE TYPE role_enum AS ENUM ('admin', 'client')]
(Background on this error at: https://sqlalche.me/e/20/f405)
